[debug] [2023-01-15T00:13:17.094Z] ----------------------------------------------------------------------
[debug] [2023-01-15T00:13:17.096Z] Command:       C:\Program Files\nodejs\node.exe C:\Users\PorallaPradhyumna\AppData\Roaming\npm\node_modules\firebase-tools\lib\bin\firebase.js init
[debug] [2023-01-15T00:13:17.096Z] CLI Version:   11.20.0
[debug] [2023-01-15T00:13:17.096Z] Platform:      win32
[debug] [2023-01-15T00:13:17.096Z] Node Version:  v18.12.1
[debug] [2023-01-15T00:13:17.098Z] Time:          Sat Jan 14 2023 18:13:17 GMT-0600 (Central Standard Time)
[debug] [2023-01-15T00:13:17.098Z] ----------------------------------------------------------------------
[debug] 
[debug] [2023-01-15T00:13:17.104Z] > command requires scopes: ["email","openid","https://www.googleapis.com/auth/cloudplatformprojects.readonly","https://www.googleapis.com/auth/firebase","https://www.googleapis.com/auth/cloud-platform"]
[debug] [2023-01-15T00:13:17.104Z] > authorizing via signed-in user (porallap@gmail.com)
[info] 
     ######## #### ########  ######## ########     ###     ######  ########
     ##        ##  ##     ## ##       ##     ##  ##   ##  ##       ##
     ######    ##  ########  ######   ########  #########  ######  ######
     ##        ##  ##    ##  ##       ##     ## ##     ##       ## ##
     ##       #### ##     ## ######## ########  ##     ##  ######  ########

You're about to initialize a Firebase project in this directory:

  D:\Programs\ProfileSite\my-app

[info] 
=== Project Setup
[info] 
[info] First, let's associate this project directory with a Firebase project.
[info] You can create multiple project aliases by running firebase use --add, 
[info] but for now we'll just set up a default project.
[info] 
[debug] [2023-01-15T00:13:43.267Z] > refreshing access token with scopes: []
[debug] [2023-01-15T00:13:43.269Z] >>> [apiv2][query] POST https://www.googleapis.com/oauth2/v3/token [none]
[debug] [2023-01-15T00:13:43.269Z] >>> [apiv2][body] POST https://www.googleapis.com/oauth2/v3/token [omitted]
[debug] [2023-01-15T00:13:43.567Z] <<< [apiv2][status] POST https://www.googleapis.com/oauth2/v3/token 200
[debug] [2023-01-15T00:13:43.568Z] <<< [apiv2][body] POST https://www.googleapis.com/oauth2/v3/token [omitted]
[debug] [2023-01-15T00:13:43.576Z] >>> [apiv2][query] GET https://firebase.googleapis.com/v1beta1/projects pageSize=100
[debug] [2023-01-15T00:13:43.952Z] <<< [apiv2][status] GET https://firebase.googleapis.com/v1beta1/projects 200
[debug] [2023-01-15T00:13:43.952Z] <<< [apiv2][body] GET https://firebase.googleapis.com/v1beta1/projects [omitted]
[info] i  Using project fir-demo-3294e (ProfileSite) 
[info] 
=== Hosting Setup
[info] 
[info] Your public directory is the folder (relative to your project directory) that
[info] will contain Hosting assets to be uploaded with firebase deploy. If you
[info] have a build process for your assets, use your build's output directory.
[info] 
[info] +  Wrote public/404.html 
[debug] [2023-01-15T00:14:03.419Z] >>> [apiv2][query] GET https://www.gstatic.com/firebasejs/releases.json [none]
[debug] [2023-01-15T00:14:03.613Z] <<< [apiv2][status] GET https://www.gstatic.com/firebasejs/releases.json 200
[debug] [2023-01-15T00:14:03.614Z] <<< [apiv2][body] GET https://www.gstatic.com/firebasejs/releases.json {"current":{"version":"9.15.0","browserURL":"https://www.gstatic.com/firebasejs/9.15.0/firebase.js","packageURL":"https://www.gstatic.com/firebasejs/9.15.0/firebase.tgz"},"live":{"version":"9.15","browserURL":"https://www.gstatic.com/firebasejs/live/9.15/firebase.js","packageURL":"https://www.gstatic.com/firebasejs/live/9.15/firebase.tgz"},"components":{"analytics":"https://www.gstatic.com/firebasejs/9.15.0/firebase-analytics.js","app":"https://www.gstatic.com/firebasejs/9.15.0/firebase-app.js","app-check":"https://www.gstatic.com/firebasejs/9.15.0/firebase-app-check.js","auth":"https://www.gstatic.com/firebasejs/9.15.0/firebase-auth.js","auth/cordova":"https://www.gstatic.com/firebasejs/9.15.0/firebase-auth/cordova.js","auth/react-native":"https://www.gstatic.com/firebasejs/9.15.0/firebase-auth/react-native.js","functions":"https://www.gstatic.com/firebasejs/9.15.0/firebase-functions.js","firestore":"https://www.gstatic.com/firebasejs/9.15.0/firebase-firestore.js","firestore/lite":"https://www.gstatic.com/firebasejs/9.15.0/firebase-firestore/lite.js","installations":"https://www.gstatic.com/firebasejs/9.15.0/firebase-installations.js","storage":"https://www.gstatic.com/firebasejs/9.15.0/firebase-storage.js","performance":"https://www.gstatic.com/firebasejs/9.15.0/firebase-performance.js","remote-config":"https://www.gstatic.com/firebasejs/9.15.0/firebase-remote-config.js","messaging":"https://www.gstatic.com/firebasejs/9.15.0/firebase-messaging.js","messaging/sw":"https://www.gstatic.com/firebasejs/9.15.0/firebase-messaging/sw.js","database":"https://www.gstatic.com/firebasejs/9.15.0/firebase-database.js","firestore.memory":"https://www.gstatic.com/firebasejs/9.15.0/firebase-firestore.memory.js"}}
[info] i  Skipping write of public/index.html 
[info] 
[info] i  Detected a .git folder at D:\Programs\ProfileSite\my-app 
[info] i  Authorizing with GitHub to upload your service account to a GitHub repository's secrets store. 
[info] 
[info] Visit this URL on this device to log in:
[info] https://github.com/login/oauth/authorize?client_id=89cf50f02ac6aaed3484&state=1003056663&redirect_uri=http%3A%2F%2Flocalhost%3A9005&scope=read%3Auser%20repo%20public_repo
[info] 
[info] Waiting for authentication...
[debug] [2023-01-15T00:14:11.417Z] >>> [apiv2][query] POST https://github.com/login/oauth/access_token [none]
[debug] [2023-01-15T00:14:11.417Z] >>> [apiv2][body] POST https://github.com/login/oauth/access_token [stream]
[debug] [2023-01-15T00:14:11.746Z] <<< [apiv2][status] POST https://github.com/login/oauth/access_token 200
[debug] [2023-01-15T00:14:11.747Z] <<< [apiv2][body] POST https://github.com/login/oauth/access_token {"access_token":"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","token_type":"bearer","scope":"read:user,repo"}
[debug] [2023-01-15T00:14:11.752Z] >>> [apiv2][query] GET https://api.github.com/user [none]
[debug] [2023-01-15T00:14:12.113Z] <<< [apiv2][status] GET https://api.github.com/user 200
[debug] [2023-01-15T00:14:12.113Z] <<< [apiv2][body] GET https://api.github.com/user {"login":"porallapradhyumna","id":53374990,"node_id":"MDQ6VXNlcjUzMzc0OTkw","avatar_url":"https://avatars.githubusercontent.com/u/53374990?v=4","gravatar_id":"","url":"https://api.github.com/users/porallapradhyumna","html_url":"https://github.com/porallapradhyumna","followers_url":"https://api.github.com/users/porallapradhyumna/followers","following_url":"https://api.github.com/users/porallapradhyumna/following{/other_user}","gists_url":"https://api.github.com/users/porallapradhyumna/gists{/gist_id}","starred_url":"https://api.github.com/users/porallapradhyumna/starred{/owner}{/repo}","subscriptions_url":"https://api.github.com/users/porallapradhyumna/subscriptions","organizations_url":"https://api.github.com/users/porallapradhyumna/orgs","repos_url":"https://api.github.com/users/porallapradhyumna/repos","events_url":"https://api.github.com/users/porallapradhyumna/events{/privacy}","received_events_url":"https://api.github.com/users/porallapradhyumna/received_events","type":"User","site_admin":false,"name":null,"company":null,"blog":"","location":"Hyderabad","email":null,"hireable":null,"bio":null,"twitter_username":null,"public_repos":12,"public_gists":0,"followers":0,"following":0,"created_at":"2019-07-27T14:58:28Z","updated_at":"2023-01-15T00:07:54Z","private_gists":0,"total_private_repos":6,"owned_private_repos":6,"disk_usage":86962,"collaborators":0,"two_factor_authentication":false,"plan":{"name":"pro","space":976562499,"collaborators":0,"private_repos":9999}}
[info] 
[info] +  Success! Logged into GitHub as porallapradhyumna 
[info] 
